2024-06-24 23:14:44,862 - Moved 05_Homepage-1.jpg to C:\Users\abdul\Downloads\Downloaded Images
2024-06-24 23:14:44,862 - Moved 05_Homepage.jpg to C:\Users\abdul\Downloads\Downloaded Images
2024-06-24 23:14:44,877 - Moved 07_Shop 1.jpg to C:\Users\abdul\Downloads\Downloaded Images
2024-06-24 23:14:44,877 - Moved 1-s2.0-S2666351121000358-main (1).pdf to C:\Users\abdul\Downloads\Downloaded PDFs
2024-06-24 23:14:44,877 - Moved 1-s2.0-S2666351121000358-main.pdf to C:\Users\abdul\Downloads\Downloaded PDFs
2024-06-24 23:14:44,877 - Moved 15_Shopping_Cart.jpg to C:\Users\abdul\Downloads\Downloaded Images
2024-06-24 23:14:44,877 - Moved 16_Checkout.jpg to C:\Users\abdul\Downloads\Downloaded Images
2024-06-24 23:14:44,886 - Moved 1_2ISFZKikBZXY5PeQVlSrTA (1).jpg to C:\Users\abdul\Downloads\Downloaded Images
2024-06-24 23:14:44,888 - Moved 1_pQULVmlq1NzX0NzKJli59Q.jpg to C:\Users\abdul\Downloads\Downloaded Images
2024-06-24 23:14:44,890 - Moved 31621156_00715_2022-ram-1500_019.jpeg to C:\Users\abdul\Downloads\Downloaded Images
2024-06-24 23:14:44,891 - Moved 650-80.jpg to C:\Users\abdul\Downloads\Downloaded Images
2024-06-24 23:14:44,893 - Moved Adham XD.jpg to C:\Users\abdul\Downloads\Downloaded Images
2024-06-24 23:14:44,893 - Moved airplane-take-off-01.mp3 to C:\Users\abdul\Downloads\Downloaded Sounds
2024-06-24 23:14:44,893 - Moved Assignment_1-1.pdf to C:\Users\abdul\Downloads\Downloaded PDFs
2024-06-24 23:14:44,893 - Moved Assignment_2.pdf to C:\Users\abdul\Downloads\Downloaded PDFs
2024-06-24 23:14:44,903 - Moved Assignment_3.pdf to C:\Users\abdul\Downloads\Downloaded PDFs
2024-06-24 23:14:44,905 - Moved b6783ed99a11624ddb8b6c5351727bb0.jpg to C:\Users\abdul\Downloads\Downloaded Images
2024-06-24 23:14:44,907 - Moved Baas and cms comparision.pdf to C:\Users\abdul\Downloads\Downloaded PDFs
2024-06-24 23:14:44,908 - Moved Bachelor Thesis - 18-0480.pdf to C:\Users\abdul\Downloads\Downloaded PDFs
2024-06-24 23:14:44,912 - Moved Beige Modern Business Company Organization Chart Graph.pdf to C:\Users\abdul\Downloads\Downloaded PDFs
2024-06-24 23:14:44,913 - Moved Blue Modern Technology LinkedIn Banner.png to C:\Users\abdul\Downloads\Downloaded Images
2024-06-24 23:14:44,914 - Moved centroids_iterations-1.png to C:\Users\abdul\Downloads\Downloaded Images
2024-06-24 23:14:44,916 - Moved coffee_website.jpg to C:\Users\abdul\Downloads\Downloaded Images
2024-06-24 23:14:44,919 - Moved Confim page.jpg to C:\Users\abdul\Downloads\Downloaded Images
2024-06-24 23:14:44,920 - Moved Cover le.pdf to C:\Users\abdul\Downloads\Downloaded PDFs
2024-06-24 23:14:44,922 - Moved Cover letter Ericsson.pdf to C:\Users\abdul\Downloads\Downloaded PDFs
2024-06-24 23:14:44,923 - Moved CV.letter.pdf to C:\Users\abdul\Downloads\Downloaded PDFs
2024-06-24 23:14:44,925 - Moved Data Flow Diagram.jpg to C:\Users\abdul\Downloads\Downloaded Images
2024-06-24 23:14:44,925 - Moved download (1).jpeg to C:\Users\abdul\Downloads\Downloaded Images
2024-06-24 23:14:44,928 - Moved download.jpeg to C:\Users\abdul\Downloads\Downloaded Images
2024-06-24 23:14:44,929 - Moved ezgif-6-855b432810.jpg to C:\Users\abdul\Downloads\Downloaded Images
2024-06-24 23:14:44,931 - Moved Faisal Final Resume.pdf to C:\Users\abdul\Downloads\Downloaded PDFs
2024-06-24 23:14:44,932 - Moved growth-close-up-environmental-lush-natural 2.png to C:\Users\abdul\Downloads\Downloaded Images
2024-06-24 23:14:44,934 - Moved GUtech_logo.png to C:\Users\abdul\Downloads\Downloaded Images
2024-06-24 23:14:44,936 - Moved HD-wallpaper-chrysler-300-motown-road-2013-cars-lx2-american-cars-2013-chrysler-300-chrysler.jpg to C:\Users\abdul\Downloads\Downloaded Images
2024-06-24 23:14:44,937 - Moved Housing booking system (2).pdf to C:\Users\abdul\Downloads\Downloaded PDFs
2024-06-24 23:14:44,940 - Moved Housing booking system (4).pdf to C:\Users\abdul\Downloads\Downloaded PDFs
2024-06-24 23:14:44,941 - Moved HW-02.jpg to C:\Users\abdul\Downloads\Downloaded Images
2024-06-24 23:14:44,945 - Moved HW-02.pdf to C:\Users\abdul\Downloads\Downloaded PDFs
2024-06-24 23:14:44,946 - Moved image 2.pdf to C:\Users\abdul\Downloads\Downloaded PDFs
2024-06-24 23:14:44,948 - Moved image.pdf to C:\Users\abdul\Downloads\Downloaded PDFs
2024-06-24 23:14:44,950 - Moved IMG_6737.MP4 to C:\Users\abdul\Downloads\Downloaded Videos
2024-06-24 23:14:44,952 - Moved Internship form.pdf to C:\Users\abdul\Downloads\Downloaded PDFs
2024-06-24 23:14:44,954 - Moved Internship presentation (1).pdf to C:\Users\abdul\Downloads\Downloaded PDFs
2024-06-24 23:14:44,955 - Moved Internship Report (2).pdf to C:\Users\abdul\Downloads\Downloaded PDFs
2024-06-24 23:14:44,958 - Moved Internship Report.pdf to C:\Users\abdul\Downloads\Downloaded PDFs
2024-06-24 23:14:44,959 - Moved Lastilla_3D-high-quality_2019.pdf to C:\Users\abdul\Downloads\Downloaded PDFs
2024-06-24 23:14:44,959 - Moved Lecture_01.pdf to C:\Users\abdul\Downloads\Downloaded PDFs
2024-06-24 23:14:44,963 - Moved Lecture_02 (1).pdf to C:\Users\abdul\Downloads\Downloaded PDFs
2024-06-24 23:14:44,964 - Moved Lecturre_03 (1).pdf to C:\Users\abdul\Downloads\Downloaded PDFs
2024-06-24 23:14:44,964 - Moved logo.jpg to C:\Users\abdul\Downloads\Downloaded Images
2024-06-24 23:14:44,964 - Moved logo.png to C:\Users\abdul\Downloads\Downloaded Images
2024-06-24 23:14:44,971 - Moved nara-march-202003122575-2.jpg to C:\Users\abdul\Downloads\Downloaded Images
2024-06-24 23:14:44,972 - Moved New Wireframe 1.jpg to C:\Users\abdul\Downloads\Downloaded Images
2024-06-24 23:14:44,976 - Moved New Wireframe 2 (1).jpg to C:\Users\abdul\Downloads\Downloaded Images
2024-06-24 23:14:44,977 - Moved New Wireframe 2.jpg to C:\Users\abdul\Downloads\Downloaded Images
2024-06-24 23:14:44,980 - Moved New Wireframe 3.jpg to C:\Users\abdul\Downloads\Downloaded Images
2024-06-24 23:14:44,980 - Moved New Wireframe 4.jpg to C:\Users\abdul\Downloads\Downloaded Images
2024-06-24 23:14:44,980 - Moved New Wireframe 5.jpg to C:\Users\abdul\Downloads\Downloaded Images
2024-06-24 23:14:44,980 - Moved Oman-Muscat-Omani-man.jpg to C:\Users\abdul\Downloads\Downloaded Images
2024-06-24 23:14:44,988 - Moved PDO Internship certificate.jpg to C:\Users\abdul\Downloads\Downloaded Images
2024-06-24 23:14:44,990 - Moved Ram 1500 Classic Warlock Crew Cab 2019.jpeg to C:\Users\abdul\Downloads\Downloaded Images
2024-06-24 23:14:44,993 - Moved RAM Classic.jpg to C:\Users\abdul\Downloads\Downloaded Images
2024-06-24 23:14:44,994 - Moved Ranger Wildtrak.jpg to C:\Users\abdul\Downloads\Downloaded Images
2024-06-24 23:14:44,996 - Moved Rihal Competition UI,UX.pdf to C:\Users\abdul\Downloads\Downloaded PDFs
2024-06-24 23:14:44,999 - Moved SAC Board (11).pdf to C:\Users\abdul\Downloads\Downloaded PDFs
2024-06-24 23:14:45,000 - Moved SAC Board (5).pdf to C:\Users\abdul\Downloads\Downloaded PDFs
2024-06-24 23:14:45,002 - Moved Schengen visa application.pdf to C:\Users\abdul\Downloads\Downloaded PDFs
2024-06-24 23:14:45,007 - Moved schengen visa.pdf to C:\Users\abdul\Downloads\Downloaded PDFs
2024-06-24 23:14:45,009 - Moved Screenshot 2024-02-27 112045.png to C:\Users\abdul\Downloads\Downloaded Images
2024-06-24 23:14:45,010 - Moved Screenshot 2024-02-27 113839.png to C:\Users\abdul\Downloads\Downloaded Images
2024-06-24 23:14:45,012 - Moved Screenshot 2024-05-11 103819.png to C:\Users\abdul\Downloads\Downloaded Images
2024-06-24 23:14:45,014 - Moved Signature.jpg to C:\Users\abdul\Downloads\Downloaded Images
2024-06-24 23:14:45,016 - Moved Summary of 3D HIGH QUALITY MODELING.pdf to C:\Users\abdul\Downloads\Downloaded PDFs
2024-06-24 23:14:45,016 - Moved Summary of Industrial perspectives of 3D scanning.pdf to C:\Users\abdul\Downloads\Downloaded PDFs
2024-06-24 23:14:45,021 - Moved Summary of PHOTOGRAMMETRY FOR ARCHAEOLOGY.pdf to C:\Users\abdul\Downloads\Downloaded PDFs
2024-06-24 23:14:45,022 - Moved sustainability-13-05319-v2.pdf to C:\Users\abdul\Downloads\Downloaded PDFs
2024-06-24 23:14:45,022 - Moved tellonym.jpg to C:\Users\abdul\Downloads\Downloaded Images
2024-06-24 23:14:45,022 - Moved Thesis gantt_chart.jpg to C:\Users\abdul\Downloads\Downloaded Images
2024-06-24 23:14:45,029 - Moved This is our #TruckCrushTuesday – Show us yours! #RamLife.jpeg to C:\Users\abdul\Downloads\Downloaded Images
2024-06-24 23:14:45,030 - Moved Transcript.pdf to C:\Users\abdul\Downloads\Downloaded PDFs
2024-06-24 23:14:45,033 - Moved Use case 1.jpg to C:\Users\abdul\Downloads\Downloaded Images
2024-06-24 23:14:45,036 - Moved use-case.jpg to C:\Users\abdul\Downloads\Downloaded Images
2024-06-24 23:14:45,038 - Moved UX on cms.pdf to C:\Users\abdul\Downloads\Downloaded PDFs
2024-06-24 23:14:45,039 - Moved veg.jpg to C:\Users\abdul\Downloads\Downloaded Images
2024-06-24 23:14:45,042 - Moved Week 1.pdf to C:\Users\abdul\Downloads\Downloaded PDFs
2024-06-24 23:14:45,044 - Moved Week 10.pdf to C:\Users\abdul\Downloads\Downloaded PDFs
2024-06-24 23:14:45,045 - Moved Week 2.pdf to C:\Users\abdul\Downloads\Downloaded PDFs
2024-06-24 23:14:45,048 - Moved Week 7.pdf to C:\Users\abdul\Downloads\Downloaded PDFs
2024-06-24 23:14:45,048 - Moved Week 9.pdf to C:\Users\abdul\Downloads\Downloaded PDFs
2024-06-24 23:14:45,048 - Moved zan.jpg to C:\Users\abdul\Downloads\Downloaded Images
2024-06-24 23:14:45,048 - Moved ~$signment-2.pdf to C:\Users\abdul\Downloads\Downloaded PDFs
2024-06-25 16:47:22,281 - Moved interview power.pdf to C:\Users\abdul\Downloads\Downloaded PDFs
2024-06-25 17:35:08,719 - Moved Faisal Final Resume (5).pdf to C:/Users/abdul/Downloads\Downloaded PDFs
2024-06-26 13:48:19,176 - Moved Faisal Final Resume (7).pdf to C:/Users/abdul/Downloads\Downloaded PDFs
2024-06-26 13:48:27,280 - Restored Faisal Final Resume (7).pdf to C:/Users/abdul/Downloads
2024-06-26 17:31:02,981 - Moved Faisal Final Resume (7).pdf to C:/Users/abdul/Downloads\Downloaded PDFs
2024-06-27 11:01:45,169 - Moved Transcript.pdf to C:/Users/abdul/Downloads\Downloaded PDFs
2024-06-27 11:05:30,079 - Moved Transcript.pdf to C:/Users/abdul/Downloads\Downloaded PDFs
2024-06-27 11:10:12,254 - Moved Transcript.pdf to C:/Users/abdul/Downloads\Downloaded PDFs
2024-06-27 11:21:45,613 - Moved Transcript.pdf to C:/Users/abdul/Downloads\Downloaded PDFs
2024-06-27 11:22:08,643 - Moved Transcript.pdf to C:/Users/abdul/Downloads\Downloaded PDFs
2024-06-27 11:24:34,055 - Moved Transcript.pdf to C:/Users/abdul/Downloads\Downloaded PDFs
2024-06-27 11:29:41,447 - Moved Transcript.pdf to C:/Users/abdul/Downloads\Downloaded PDFs
2024-06-27 11:32:08,261 - Moved Transcript.pdf to C:/Users/abdul/Downloads\Downloaded PDFs
2024-06-27 11:32:10,598 - Backed up 05_Homepage-1.jpg from Downloaded Images
2024-06-27 11:32:10,602 - Backed up 05_Homepage.jpg from Downloaded Images
2024-06-27 11:32:10,606 - Backed up 07_Shop 1.jpg from Downloaded Images
2024-06-27 11:32:10,609 - Backed up 15_Shopping_Cart.jpg from Downloaded Images
2024-06-27 11:32:10,612 - Backed up 16_Checkout.jpg from Downloaded Images
2024-06-27 11:32:10,612 - Backed up 1_2ISFZKikBZXY5PeQVlSrTA (1).jpg from Downloaded Images
2024-06-27 11:32:10,616 - Backed up 1_pQULVmlq1NzX0NzKJli59Q.jpg from Downloaded Images
2024-06-27 11:32:10,620 - Backed up 31621156_00715_2022-ram-1500_019.jpeg from Downloaded Images
2024-06-27 11:32:10,620 - Backed up 650-80.jpg from Downloaded Images
2024-06-27 11:32:10,620 - Backed up Adham XD.jpg from Downloaded Images
2024-06-27 11:32:10,620 - Backed up b6783ed99a11624ddb8b6c5351727bb0.jpg from Downloaded Images
2024-06-27 11:32:10,630 - Backed up Blue Modern Technology LinkedIn Banner.png from Downloaded Images
2024-06-27 11:32:10,633 - Backed up centroids_iterations-1.png from Downloaded Images
2024-06-27 11:32:10,635 - Backed up coffee_website.jpg from Downloaded Images
2024-06-27 11:32:10,638 - Backed up Confim page.jpg from Downloaded Images
2024-06-27 11:32:10,641 - Backed up Data Flow Diagram.jpg from Downloaded Images
2024-06-27 11:32:10,641 - Backed up download (1).jpeg from Downloaded Images
2024-06-27 11:32:10,641 - Backed up download.jpeg from Downloaded Images
2024-06-27 11:32:10,641 - Backed up ezgif-6-855b432810.jpg from Downloaded Images
2024-06-27 11:32:10,649 - Backed up growth-close-up-environmental-lush-natural 2.png from Downloaded Images
2024-06-27 11:32:10,649 - Backed up GUtech_logo.png from Downloaded Images
2024-06-27 11:32:10,655 - Backed up HD-wallpaper-chrysler-300-motown-road-2013-cars-lx2-american-cars-2013-chrysler-300-chrysler.jpg from Downloaded Images
2024-06-27 11:32:10,658 - Backed up HW-02.jpg from Downloaded Images
2024-06-27 11:32:10,658 - Backed up logo.jpg from Downloaded Images
2024-06-27 11:32:10,658 - Backed up logo.png from Downloaded Images
2024-06-27 11:32:10,666 - Backed up nara-march-202003122575-2.jpg from Downloaded Images
2024-06-27 11:32:10,669 - Backed up New Wireframe 1.jpg from Downloaded Images
2024-06-27 11:32:10,669 - Backed up New Wireframe 2 (1).jpg from Downloaded Images
2024-06-27 11:32:10,674 - Backed up New Wireframe 2.jpg from Downloaded Images
2024-06-27 11:32:10,676 - Backed up New Wireframe 3.jpg from Downloaded Images
2024-06-27 11:32:10,679 - Backed up New Wireframe 4.jpg from Downloaded Images
2024-06-27 11:32:10,681 - Backed up New Wireframe 5.jpg from Downloaded Images
2024-06-27 11:32:10,684 - Backed up Oman-Muscat-Omani-man.jpg from Downloaded Images
2024-06-27 11:32:10,687 - Backed up PDO Internship certificate.jpg from Downloaded Images
2024-06-27 11:32:10,689 - Backed up Ram 1500 Classic Warlock Crew Cab 2019.jpeg from Downloaded Images
2024-06-27 11:32:10,693 - Backed up RAM Classic.jpg from Downloaded Images
2024-06-27 11:32:10,695 - Backed up Ranger Wildtrak.jpg from Downloaded Images
2024-06-27 11:32:10,697 - Backed up Screenshot 2024-02-27 112045.png from Downloaded Images
2024-06-27 11:32:10,697 - Backed up Screenshot 2024-02-27 113839.png from Downloaded Images
2024-06-27 11:32:10,697 - Backed up Screenshot 2024-05-11 103819.png from Downloaded Images
2024-06-27 11:32:10,703 - Backed up Signature.jpg from Downloaded Images
2024-06-27 11:32:10,706 - Backed up tellonym.jpg from Downloaded Images
2024-06-27 11:32:10,708 - Backed up Thesis gantt_chart.jpg from Downloaded Images
2024-06-27 11:32:10,710 - Backed up This is our #TruckCrushTuesday – Show us yours! #RamLife.jpeg from Downloaded Images
2024-06-27 11:32:10,714 - Backed up Use case 1.jpg from Downloaded Images
2024-06-27 11:32:10,716 - Backed up use-case.jpg from Downloaded Images
2024-06-27 11:32:10,719 - Backed up veg.jpg from Downloaded Images
2024-06-27 11:32:10,720 - Backed up zan.jpg from Downloaded Images
2024-06-27 11:32:10,726 - Backed up 05_Homepage-1.jpg from Downloaded Images
2024-06-27 11:32:10,730 - Backed up 05_Homepage.jpg from Downloaded Images
2024-06-27 11:32:10,734 - Backed up 07_Shop 1.jpg from Downloaded Images
2024-06-27 11:32:10,738 - Backed up 15_Shopping_Cart.jpg from Downloaded Images
2024-06-27 11:32:10,740 - Backed up 16_Checkout.jpg from Downloaded Images
2024-06-27 11:32:10,740 - Backed up 1_2ISFZKikBZXY5PeQVlSrTA (1).jpg from Downloaded Images
2024-06-27 11:32:10,746 - Backed up 1_pQULVmlq1NzX0NzKJli59Q.jpg from Downloaded Images
2024-06-27 11:32:10,748 - Backed up 31621156_00715_2022-ram-1500_019.jpeg from Downloaded Images
2024-06-27 11:32:10,751 - Backed up 650-80.jpg from Downloaded Images
2024-06-27 11:32:10,753 - Backed up Adham XD.jpg from Downloaded Images
2024-06-27 11:32:10,754 - Backed up b6783ed99a11624ddb8b6c5351727bb0.jpg from Downloaded Images
2024-06-27 11:32:10,758 - Backed up Blue Modern Technology LinkedIn Banner.png from Downloaded Images
2024-06-27 11:32:10,761 - Backed up centroids_iterations-1.png from Downloaded Images
2024-06-27 11:32:10,763 - Backed up coffee_website.jpg from Downloaded Images
2024-06-27 11:32:10,765 - Backed up Confim page.jpg from Downloaded Images
2024-06-27 11:32:10,765 - Backed up Data Flow Diagram.jpg from Downloaded Images
2024-06-27 11:32:10,767 - Backed up download (1).jpeg from Downloaded Images
2024-06-27 11:32:10,770 - Backed up download.jpeg from Downloaded Images
2024-06-27 11:32:10,770 - Backed up ezgif-6-855b432810.jpg from Downloaded Images
2024-06-27 11:32:10,772 - Backed up growth-close-up-environmental-lush-natural 2.png from Downloaded Images
2024-06-27 11:32:10,774 - Backed up GUtech_logo.png from Downloaded Images
2024-06-27 11:32:10,775 - Backed up HD-wallpaper-chrysler-300-motown-road-2013-cars-lx2-american-cars-2013-chrysler-300-chrysler.jpg from Downloaded Images
2024-06-27 11:32:10,777 - Backed up HW-02.jpg from Downloaded Images
2024-06-27 11:32:10,777 - Backed up logo.jpg from Downloaded Images
2024-06-27 11:32:10,779 - Backed up logo.png from Downloaded Images
2024-06-27 11:32:10,782 - Backed up nara-march-202003122575-2.jpg from Downloaded Images
2024-06-27 11:32:10,782 - Backed up New Wireframe 1.jpg from Downloaded Images
2024-06-27 11:32:10,784 - Backed up New Wireframe 2 (1).jpg from Downloaded Images
2024-06-27 11:32:10,784 - Backed up New Wireframe 2.jpg from Downloaded Images
2024-06-27 11:32:10,784 - Backed up New Wireframe 3.jpg from Downloaded Images
2024-06-27 11:32:10,788 - Backed up New Wireframe 4.jpg from Downloaded Images
2024-06-27 11:32:10,790 - Backed up New Wireframe 5.jpg from Downloaded Images
2024-06-27 11:32:10,793 - Backed up Oman-Muscat-Omani-man.jpg from Downloaded Images
2024-06-27 11:32:10,793 - Backed up PDO Internship certificate.jpg from Downloaded Images
2024-06-27 11:32:10,793 - Backed up Ram 1500 Classic Warlock Crew Cab 2019.jpeg from Downloaded Images
2024-06-27 11:32:10,793 - Backed up RAM Classic.jpg from Downloaded Images
2024-06-27 11:32:10,793 - Backed up Ranger Wildtrak.jpg from Downloaded Images
2024-06-27 11:32:10,793 - Backed up Screenshot 2024-02-27 112045.png from Downloaded Images
2024-06-27 11:32:10,793 - Backed up Screenshot 2024-02-27 113839.png from Downloaded Images
2024-06-27 11:32:10,811 - Backed up Screenshot 2024-05-11 103819.png from Downloaded Images
2024-06-27 11:32:10,813 - Backed up Signature.jpg from Downloaded Images
2024-06-27 11:32:10,816 - Backed up tellonym.jpg from Downloaded Images
2024-06-27 11:32:10,816 - Backed up Thesis gantt_chart.jpg from Downloaded Images
2024-06-27 11:32:10,821 - Backed up This is our #TruckCrushTuesday – Show us yours! #RamLife.jpeg from Downloaded Images
2024-06-27 11:32:10,822 - Backed up Use case 1.jpg from Downloaded Images
2024-06-27 11:32:10,826 - Backed up use-case.jpg from Downloaded Images
2024-06-27 11:32:10,826 - Backed up veg.jpg from Downloaded Images
2024-06-27 11:32:10,830 - Backed up zan.jpg from Downloaded Images
2024-06-27 11:32:10,834 - Backed up 05_Homepage-1.jpg from Downloaded Images
2024-06-27 11:32:10,839 - Backed up 05_Homepage.jpg from Downloaded Images
2024-06-27 11:32:10,843 - Backed up 07_Shop 1.jpg from Downloaded Images
2024-06-27 11:32:10,843 - Backed up 15_Shopping_Cart.jpg from Downloaded Images
2024-06-27 11:32:10,843 - Backed up 16_Checkout.jpg from Downloaded Images
2024-06-27 11:32:10,843 - Backed up 1_2ISFZKikBZXY5PeQVlSrTA (1).jpg from Downloaded Images
2024-06-27 11:32:10,843 - Backed up 1_pQULVmlq1NzX0NzKJli59Q.jpg from Downloaded Images
2024-06-27 11:32:10,843 - Backed up 31621156_00715_2022-ram-1500_019.jpeg from Downloaded Images
2024-06-27 11:32:10,856 - Backed up 650-80.jpg from Downloaded Images
2024-06-27 11:32:10,856 - Backed up Adham XD.jpg from Downloaded Images
2024-06-27 11:32:10,856 - Backed up b6783ed99a11624ddb8b6c5351727bb0.jpg from Downloaded Images
2024-06-27 11:32:10,856 - Backed up Blue Modern Technology LinkedIn Banner.png from Downloaded Images
2024-06-27 11:32:10,856 - Backed up centroids_iterations-1.png from Downloaded Images
2024-06-27 11:32:10,856 - Backed up coffee_website.jpg from Downloaded Images
2024-06-27 11:32:10,872 - Backed up Confim page.jpg from Downloaded Images
2024-06-27 11:32:10,872 - Backed up Data Flow Diagram.jpg from Downloaded Images
2024-06-27 11:32:10,872 - Backed up download (1).jpeg from Downloaded Images
2024-06-27 11:32:10,880 - Backed up download.jpeg from Downloaded Images
2024-06-27 11:32:10,880 - Backed up ezgif-6-855b432810.jpg from Downloaded Images
2024-06-27 11:32:10,880 - Backed up growth-close-up-environmental-lush-natural 2.png from Downloaded Images
2024-06-27 11:32:10,888 - Backed up GUtech_logo.png from Downloaded Images
2024-06-27 11:32:10,889 - Backed up HD-wallpaper-chrysler-300-motown-road-2013-cars-lx2-american-cars-2013-chrysler-300-chrysler.jpg from Downloaded Images
2024-06-27 11:32:10,892 - Backed up HW-02.jpg from Downloaded Images
2024-06-27 11:32:10,894 - Backed up logo.jpg from Downloaded Images
2024-06-27 11:32:10,898 - Backed up logo.png from Downloaded Images
2024-06-27 11:32:10,900 - Backed up nara-march-202003122575-2.jpg from Downloaded Images
2024-06-27 11:32:10,902 - Backed up New Wireframe 1.jpg from Downloaded Images
2024-06-27 11:32:10,906 - Backed up New Wireframe 2 (1).jpg from Downloaded Images
2024-06-27 11:32:10,909 - Backed up New Wireframe 2.jpg from Downloaded Images
2024-06-27 11:32:10,910 - Backed up New Wireframe 3.jpg from Downloaded Images
2024-06-27 11:32:10,914 - Backed up New Wireframe 4.jpg from Downloaded Images
2024-06-27 11:32:10,916 - Backed up New Wireframe 5.jpg from Downloaded Images
2024-06-27 11:32:10,918 - Backed up Oman-Muscat-Omani-man.jpg from Downloaded Images
2024-06-27 11:32:10,921 - Backed up PDO Internship certificate.jpg from Downloaded Images
2024-06-27 11:32:10,922 - Backed up Ram 1500 Classic Warlock Crew Cab 2019.jpeg from Downloaded Images
2024-06-27 11:32:10,924 - Backed up RAM Classic.jpg from Downloaded Images
2024-06-27 11:32:10,925 - Backed up Ranger Wildtrak.jpg from Downloaded Images
2024-06-27 11:32:10,927 - Backed up Screenshot 2024-02-27 112045.png from Downloaded Images
2024-06-27 11:32:10,927 - Backed up Screenshot 2024-02-27 113839.png from Downloaded Images
2024-06-27 11:32:10,930 - Backed up Screenshot 2024-05-11 103819.png from Downloaded Images
2024-06-27 11:32:10,932 - Backed up Signature.jpg from Downloaded Images
2024-06-27 11:32:10,933 - Backed up tellonym.jpg from Downloaded Images
2024-06-27 11:32:10,935 - Backed up Thesis gantt_chart.jpg from Downloaded Images
2024-06-27 11:32:10,935 - Backed up This is our #TruckCrushTuesday – Show us yours! #RamLife.jpeg from Downloaded Images
2024-06-27 11:32:10,935 - Backed up Use case 1.jpg from Downloaded Images
2024-06-27 11:32:10,941 - Backed up use-case.jpg from Downloaded Images
2024-06-27 11:32:10,942 - Backed up veg.jpg from Downloaded Images
2024-06-27 11:32:10,943 - Backed up zan.jpg from Downloaded Images
2024-06-27 11:32:10,947 - Backed up 1-s2.0-S2666351121000358-main (1).pdf from Downloaded PDFs
2024-06-27 11:32:10,947 - Backed up 1-s2.0-S2666351121000358-main.pdf from Downloaded PDFs
2024-06-27 11:32:10,947 - Backed up Assignment_1-1.pdf from Downloaded PDFs
2024-06-27 11:32:10,947 - Backed up Assignment_2.pdf from Downloaded PDFs
2024-06-27 11:32:10,947 - Backed up Assignment_3.pdf from Downloaded PDFs
2024-06-27 11:32:10,947 - Backed up Baas and cms comparision.pdf from Downloaded PDFs
2024-06-27 11:32:10,958 - Backed up Bachelor Thesis - 18-0480.pdf from Downloaded PDFs
2024-06-27 11:32:10,960 - Backed up Beige Modern Business Company Organization Chart Graph.pdf from Downloaded PDFs
2024-06-27 11:32:10,961 - Backed up Cover le.pdf from Downloaded PDFs
2024-06-27 11:32:10,962 - Backed up Cover letter Ericsson.pdf from Downloaded PDFs
2024-06-27 11:32:10,963 - Backed up CV.letter.pdf from Downloaded PDFs
2024-06-27 11:32:10,964 - Backed up Faisal Final Resume (5).pdf from Downloaded PDFs
2024-06-27 11:32:10,966 - Backed up Faisal Final Resume (7).pdf from Downloaded PDFs
2024-06-27 11:32:10,967 - Backed up Faisal Final Resume.pdf from Downloaded PDFs
2024-06-27 11:32:10,969 - Backed up Housing booking system (2).pdf from Downloaded PDFs
2024-06-27 11:32:10,970 - Backed up Housing booking system (4).pdf from Downloaded PDFs
2024-06-27 11:32:10,972 - Backed up HW-02.pdf from Downloaded PDFs
2024-06-27 11:32:10,973 - Backed up image 2.pdf from Downloaded PDFs
2024-06-27 11:32:10,974 - Backed up image.pdf from Downloaded PDFs
2024-06-27 11:32:10,978 - Backed up Internship form.pdf from Downloaded PDFs
2024-06-27 11:32:10,980 - Backed up Internship presentation (1).pdf from Downloaded PDFs
2024-06-27 11:32:10,981 - Backed up Internship Report (2).pdf from Downloaded PDFs
2024-06-27 11:32:10,982 - Backed up Internship Report.pdf from Downloaded PDFs
2024-06-27 11:32:10,984 - Backed up interview power.pdf from Downloaded PDFs
2024-06-27 11:32:10,988 - Backed up Lastilla_3D-high-quality_2019.pdf from Downloaded PDFs
2024-06-27 11:32:10,993 - Backed up Lecture_01.pdf from Downloaded PDFs
2024-06-27 11:32:11,001 - Backed up Lecture_02 (1).pdf from Downloaded PDFs
2024-06-27 11:32:11,006 - Backed up Lecturre_03 (1).pdf from Downloaded PDFs
2024-06-27 11:32:11,008 - Backed up Rihal Competition UI,UX.pdf from Downloaded PDFs
2024-06-27 11:32:11,016 - Backed up SAC Board (11).pdf from Downloaded PDFs
2024-06-27 11:32:11,024 - Backed up SAC Board (5).pdf from Downloaded PDFs
2024-06-27 11:32:11,025 - Backed up Schengen visa application.pdf from Downloaded PDFs
2024-06-27 11:32:11,028 - Backed up schengen visa.pdf from Downloaded PDFs
2024-06-27 11:32:11,031 - Backed up Summary of 3D HIGH QUALITY MODELING.pdf from Downloaded PDFs
2024-06-27 11:32:11,032 - Backed up Summary of Industrial perspectives of 3D scanning.pdf from Downloaded PDFs
2024-06-27 11:32:11,034 - Backed up Summary of PHOTOGRAMMETRY FOR ARCHAEOLOGY.pdf from Downloaded PDFs
2024-06-27 11:32:11,041 - Backed up sustainability-13-05319-v2.pdf from Downloaded PDFs
2024-06-27 11:32:11,043 - Backed up Transcript.pdf from Downloaded PDFs
2024-06-27 11:32:11,046 - Backed up UX on cms.pdf from Downloaded PDFs
2024-06-27 11:32:11,048 - Backed up Week 1.pdf from Downloaded PDFs
2024-06-27 11:32:11,049 - Backed up Week 10.pdf from Downloaded PDFs
2024-06-27 11:32:11,051 - Backed up Week 2.pdf from Downloaded PDFs
2024-06-27 11:32:11,053 - Backed up Week 7.pdf from Downloaded PDFs
2024-06-27 11:32:11,053 - Backed up Week 9.pdf from Downloaded PDFs
2024-06-27 11:32:11,055 - Backed up ~$signment-2.pdf from Downloaded PDFs
2024-06-27 11:32:11,060 - Backed up airplane-take-off-01.mp3 from Downloaded Sounds
2024-06-27 11:32:11,068 - Backed up IMG_6737.MP4 from Downloaded Videos
2024-06-27 11:34:00,006 - Backed up 05_Homepage-1.jpg from Downloaded Images
2024-06-27 11:34:00,011 - Backed up 05_Homepage.jpg from Downloaded Images
2024-06-27 11:34:00,014 - Backed up 07_Shop 1.jpg from Downloaded Images
2024-06-27 11:34:00,020 - Backed up 15_Shopping_Cart.jpg from Downloaded Images
2024-06-27 11:34:00,026 - Backed up 16_Checkout.jpg from Downloaded Images
2024-06-27 11:34:00,031 - Backed up 1_2ISFZKikBZXY5PeQVlSrTA (1).jpg from Downloaded Images
2024-06-27 11:34:00,035 - Backed up 1_pQULVmlq1NzX0NzKJli59Q.jpg from Downloaded Images
2024-06-27 11:34:00,038 - Backed up 31621156_00715_2022-ram-1500_019.jpeg from Downloaded Images
2024-06-27 11:34:00,042 - Backed up 650-80.jpg from Downloaded Images
2024-06-27 11:34:00,042 - Backed up Adham XD.jpg from Downloaded Images
2024-06-27 11:34:00,048 - Backed up b6783ed99a11624ddb8b6c5351727bb0.jpg from Downloaded Images
2024-06-27 11:34:00,052 - Backed up Blue Modern Technology LinkedIn Banner.png from Downloaded Images
2024-06-27 11:34:00,055 - Backed up centroids_iterations-1.png from Downloaded Images
2024-06-27 11:34:00,055 - Backed up coffee_website.jpg from Downloaded Images
2024-06-27 11:34:00,062 - Backed up Confim page.jpg from Downloaded Images
2024-06-27 11:34:00,062 - Backed up Data Flow Diagram.jpg from Downloaded Images
2024-06-27 11:34:00,062 - Backed up download (1).jpeg from Downloaded Images
2024-06-27 11:34:00,062 - Backed up download.jpeg from Downloaded Images
2024-06-27 11:34:00,062 - Backed up Downloaded Images from Downloaded Images
2024-06-27 11:34:00,062 - Backed up ezgif-6-855b432810.jpg from Downloaded Images
2024-06-27 11:34:00,062 - Backed up growth-close-up-environmental-lush-natural 2.png from Downloaded Images
2024-06-27 11:34:00,062 - Backed up GUtech_logo.png from Downloaded Images
2024-06-27 11:34:00,062 - Backed up HD-wallpaper-chrysler-300-motown-road-2013-cars-lx2-american-cars-2013-chrysler-300-chrysler.jpg from Downloaded Images
2024-06-27 11:34:00,079 - Backed up HW-02.jpg from Downloaded Images
2024-06-27 11:34:00,079 - Backed up logo.jpg from Downloaded Images
2024-06-27 11:34:00,081 - Backed up logo.png from Downloaded Images
2024-06-27 11:34:00,081 - Backed up nara-march-202003122575-2.jpg from Downloaded Images
2024-06-27 11:34:00,081 - Backed up New Wireframe 1.jpg from Downloaded Images
2024-06-27 11:34:00,081 - Backed up New Wireframe 2 (1).jpg from Downloaded Images
2024-06-27 11:34:00,081 - Backed up New Wireframe 2.jpg from Downloaded Images
2024-06-27 11:34:00,081 - Backed up New Wireframe 3.jpg from Downloaded Images
2024-06-27 11:34:00,081 - Backed up New Wireframe 4.jpg from Downloaded Images
2024-06-27 11:34:00,093 - Backed up New Wireframe 5.jpg from Downloaded Images
2024-06-27 11:34:00,093 - Backed up Oman-Muscat-Omani-man.jpg from Downloaded Images
2024-06-27 11:34:00,093 - Backed up PDO Internship certificate.jpg from Downloaded Images
2024-06-27 11:34:00,093 - Backed up Ram 1500 Classic Warlock Crew Cab 2019.jpeg from Downloaded Images
2024-06-27 11:34:00,093 - Backed up RAM Classic.jpg from Downloaded Images
2024-06-27 11:34:00,093 - Backed up Ranger Wildtrak.jpg from Downloaded Images
2024-06-27 11:34:00,093 - Backed up Screenshot 2024-02-27 112045.png from Downloaded Images
2024-06-27 11:34:00,093 - Backed up Screenshot 2024-02-27 113839.png from Downloaded Images
2024-06-27 11:34:00,093 - Backed up Screenshot 2024-05-11 103819.png from Downloaded Images
2024-06-27 11:34:00,093 - Backed up Signature.jpg from Downloaded Images
2024-06-27 11:34:00,093 - Backed up tellonym.jpg from Downloaded Images
2024-06-27 11:34:00,109 - Backed up Thesis gantt_chart.jpg from Downloaded Images
2024-06-27 11:34:00,109 - Backed up This is our #TruckCrushTuesday – Show us yours! #RamLife.jpeg from Downloaded Images
2024-06-27 11:34:00,109 - Backed up Use case 1.jpg from Downloaded Images
2024-06-27 11:34:00,109 - Backed up use-case.jpg from Downloaded Images
2024-06-27 11:34:00,109 - Backed up veg.jpg from Downloaded Images
2024-06-27 11:34:00,109 - Backed up zan.jpg from Downloaded Images
2024-06-27 11:34:00,109 - Backed up 05_Homepage-1.jpg from Downloaded Images
2024-06-27 11:34:00,125 - Backed up 05_Homepage.jpg from Downloaded Images
2024-06-27 11:34:00,125 - Backed up 07_Shop 1.jpg from Downloaded Images
2024-06-27 11:34:00,125 - Backed up 15_Shopping_Cart.jpg from Downloaded Images
2024-06-27 11:34:00,125 - Backed up 16_Checkout.jpg from Downloaded Images
2024-06-27 11:34:00,125 - Backed up 1_2ISFZKikBZXY5PeQVlSrTA (1).jpg from Downloaded Images
2024-06-27 11:34:00,138 - Backed up 1_pQULVmlq1NzX0NzKJli59Q.jpg from Downloaded Images
2024-06-27 11:34:00,139 - Backed up 31621156_00715_2022-ram-1500_019.jpeg from Downloaded Images
2024-06-27 11:34:00,141 - Backed up 650-80.jpg from Downloaded Images
2024-06-27 11:34:00,141 - Backed up Adham XD.jpg from Downloaded Images
2024-06-27 11:34:00,141 - Backed up b6783ed99a11624ddb8b6c5351727bb0.jpg from Downloaded Images
2024-06-27 11:34:00,141 - Backed up Blue Modern Technology LinkedIn Banner.png from Downloaded Images
2024-06-27 11:34:00,141 - Backed up centroids_iterations-1.png from Downloaded Images
2024-06-27 11:34:00,149 - Backed up coffee_website.jpg from Downloaded Images
2024-06-27 11:34:00,150 - Backed up Confim page.jpg from Downloaded Images
2024-06-27 11:34:00,152 - Backed up Data Flow Diagram.jpg from Downloaded Images
2024-06-27 11:34:00,154 - Backed up download (1).jpeg from Downloaded Images
2024-06-27 11:34:00,155 - Backed up download.jpeg from Downloaded Images
2024-06-27 11:34:00,157 - Backed up Downloaded Images from Downloaded Images
2024-06-27 11:34:00,157 - Backed up ezgif-6-855b432810.jpg from Downloaded Images
2024-06-27 11:34:00,159 - Backed up growth-close-up-environmental-lush-natural 2.png from Downloaded Images
2024-06-27 11:34:00,161 - Backed up GUtech_logo.png from Downloaded Images
2024-06-27 11:34:00,161 - Backed up HD-wallpaper-chrysler-300-motown-road-2013-cars-lx2-american-cars-2013-chrysler-300-chrysler.jpg from Downloaded Images
2024-06-27 11:34:00,161 - Backed up HW-02.jpg from Downloaded Images
2024-06-27 11:34:00,161 - Backed up logo.jpg from Downloaded Images
2024-06-27 11:34:00,161 - Backed up logo.png from Downloaded Images
2024-06-27 11:34:00,168 - Backed up nara-march-202003122575-2.jpg from Downloaded Images
2024-06-27 11:34:00,168 - Backed up New Wireframe 1.jpg from Downloaded Images
2024-06-27 11:34:00,172 - Backed up New Wireframe 2 (1).jpg from Downloaded Images
2024-06-27 11:34:00,174 - Backed up New Wireframe 2.jpg from Downloaded Images
2024-06-27 11:34:00,174 - Backed up New Wireframe 3.jpg from Downloaded Images
2024-06-27 11:34:00,175 - Backed up New Wireframe 4.jpg from Downloaded Images
2024-06-27 11:34:00,178 - Backed up New Wireframe 5.jpg from Downloaded Images
2024-06-27 11:34:00,179 - Backed up Oman-Muscat-Omani-man.jpg from Downloaded Images
2024-06-27 11:34:00,182 - Backed up PDO Internship certificate.jpg from Downloaded Images
2024-06-27 11:34:00,182 - Backed up Ram 1500 Classic Warlock Crew Cab 2019.jpeg from Downloaded Images
2024-06-27 11:34:00,182 - Backed up RAM Classic.jpg from Downloaded Images
2024-06-27 11:34:00,182 - Backed up Ranger Wildtrak.jpg from Downloaded Images
2024-06-27 11:34:00,182 - Backed up Screenshot 2024-02-27 112045.png from Downloaded Images
2024-06-27 11:34:00,182 - Backed up Screenshot 2024-02-27 113839.png from Downloaded Images
2024-06-27 11:34:00,189 - Backed up Screenshot 2024-05-11 103819.png from Downloaded Images
2024-06-27 11:34:00,189 - Backed up Signature.jpg from Downloaded Images
2024-06-27 11:34:00,189 - Backed up tellonym.jpg from Downloaded Images
2024-06-27 11:34:00,189 - Backed up Thesis gantt_chart.jpg from Downloaded Images
2024-06-27 11:34:00,194 - Backed up This is our #TruckCrushTuesday – Show us yours! #RamLife.jpeg from Downloaded Images
2024-06-27 11:34:00,196 - Backed up Use case 1.jpg from Downloaded Images
2024-06-27 11:34:00,196 - Backed up use-case.jpg from Downloaded Images
2024-06-27 11:34:00,196 - Backed up veg.jpg from Downloaded Images
2024-06-27 11:34:00,196 - Backed up zan.jpg from Downloaded Images
2024-06-27 11:34:00,203 - Backed up 05_Homepage-1.jpg from Downloaded Images
2024-06-27 11:34:00,206 - Backed up 05_Homepage.jpg from Downloaded Images
2024-06-27 11:34:00,208 - Backed up 07_Shop 1.jpg from Downloaded Images
2024-06-27 11:34:00,210 - Backed up 15_Shopping_Cart.jpg from Downloaded Images
2024-06-27 11:34:00,212 - Backed up 16_Checkout.jpg from Downloaded Images
2024-06-27 11:34:00,212 - Backed up 1_2ISFZKikBZXY5PeQVlSrTA (1).jpg from Downloaded Images
2024-06-27 11:34:00,214 - Backed up 1_pQULVmlq1NzX0NzKJli59Q.jpg from Downloaded Images
2024-06-27 11:34:00,216 - Backed up 31621156_00715_2022-ram-1500_019.jpeg from Downloaded Images
2024-06-27 11:34:00,216 - Backed up 650-80.jpg from Downloaded Images
2024-06-27 11:34:00,220 - Backed up Adham XD.jpg from Downloaded Images
2024-06-27 11:34:00,221 - Backed up b6783ed99a11624ddb8b6c5351727bb0.jpg from Downloaded Images
2024-06-27 11:34:00,222 - Backed up Blue Modern Technology LinkedIn Banner.png from Downloaded Images
2024-06-27 11:34:00,224 - Backed up centroids_iterations-1.png from Downloaded Images
2024-06-27 11:34:00,225 - Backed up coffee_website.jpg from Downloaded Images
2024-06-27 11:34:00,228 - Backed up Confim page.jpg from Downloaded Images
2024-06-27 11:34:00,228 - Backed up Data Flow Diagram.jpg from Downloaded Images
2024-06-27 11:34:00,230 - Backed up download (1).jpeg from Downloaded Images
2024-06-27 11:34:00,232 - Backed up download.jpeg from Downloaded Images
2024-06-27 11:34:00,232 - Backed up Downloaded Images from Downloaded Images
2024-06-27 11:34:00,236 - Backed up ezgif-6-855b432810.jpg from Downloaded Images
2024-06-27 11:34:00,237 - Backed up growth-close-up-environmental-lush-natural 2.png from Downloaded Images
2024-06-27 11:34:00,238 - Backed up GUtech_logo.png from Downloaded Images
2024-06-27 11:34:00,238 - Backed up HD-wallpaper-chrysler-300-motown-road-2013-cars-lx2-american-cars-2013-chrysler-300-chrysler.jpg from Downloaded Images
2024-06-27 11:34:00,238 - Backed up HW-02.jpg from Downloaded Images
2024-06-27 11:34:00,238 - Backed up logo.jpg from Downloaded Images
2024-06-27 11:34:00,238 - Backed up logo.png from Downloaded Images
2024-06-27 11:34:00,238 - Backed up nara-march-202003122575-2.jpg from Downloaded Images
2024-06-27 11:34:00,247 - Backed up New Wireframe 1.jpg from Downloaded Images
2024-06-27 11:34:00,249 - Backed up New Wireframe 2 (1).jpg from Downloaded Images
2024-06-27 11:34:00,250 - Backed up New Wireframe 2.jpg from Downloaded Images
2024-06-27 11:34:00,252 - Backed up New Wireframe 3.jpg from Downloaded Images
2024-06-27 11:34:00,253 - Backed up New Wireframe 4.jpg from Downloaded Images
2024-06-27 11:34:00,255 - Backed up New Wireframe 5.jpg from Downloaded Images
2024-06-27 11:34:00,255 - Backed up Oman-Muscat-Omani-man.jpg from Downloaded Images
2024-06-27 11:34:00,258 - Backed up PDO Internship certificate.jpg from Downloaded Images
2024-06-27 11:34:00,260 - Backed up Ram 1500 Classic Warlock Crew Cab 2019.jpeg from Downloaded Images
2024-06-27 11:34:00,260 - Backed up RAM Classic.jpg from Downloaded Images
2024-06-27 11:34:00,260 - Backed up Ranger Wildtrak.jpg from Downloaded Images
2024-06-27 11:34:00,260 - Backed up Screenshot 2024-02-27 112045.png from Downloaded Images
2024-06-27 11:34:00,260 - Backed up Screenshot 2024-02-27 113839.png from Downloaded Images
2024-06-27 11:34:00,266 - Backed up Screenshot 2024-05-11 103819.png from Downloaded Images
2024-06-27 11:34:00,267 - Backed up Signature.jpg from Downloaded Images
2024-06-27 11:34:00,267 - Backed up tellonym.jpg from Downloaded Images
2024-06-27 11:34:00,267 - Backed up Thesis gantt_chart.jpg from Downloaded Images
2024-06-27 11:34:00,267 - Backed up This is our #TruckCrushTuesday – Show us yours! #RamLife.jpeg from Downloaded Images
2024-06-27 11:34:00,267 - Backed up Use case 1.jpg from Downloaded Images
2024-06-27 11:34:00,267 - Backed up use-case.jpg from Downloaded Images
2024-06-27 11:34:00,267 - Backed up veg.jpg from Downloaded Images
2024-06-27 11:34:00,267 - Backed up zan.jpg from Downloaded Images
2024-06-27 11:34:00,282 - Backed up 1-s2.0-S2666351121000358-main (1).pdf from Downloaded PDFs
2024-06-27 11:34:00,284 - Backed up 1-s2.0-S2666351121000358-main.pdf from Downloaded PDFs
2024-06-27 11:34:00,285 - Backed up Assignment_1-1.pdf from Downloaded PDFs
2024-06-27 11:34:00,286 - Backed up Assignment_2.pdf from Downloaded PDFs
2024-06-27 11:34:00,288 - Backed up Assignment_3.pdf from Downloaded PDFs
2024-06-27 11:34:00,289 - Backed up Baas and cms comparision.pdf from Downloaded PDFs
2024-06-27 11:34:00,289 - Backed up Bachelor Thesis - 18-0480.pdf from Downloaded PDFs
2024-06-27 11:34:00,289 - Backed up Beige Modern Business Company Organization Chart Graph.pdf from Downloaded PDFs
2024-06-27 11:34:00,289 - Backed up Cover le.pdf from Downloaded PDFs
2024-06-27 11:34:00,289 - Backed up Cover letter Ericsson.pdf from Downloaded PDFs
2024-06-27 11:34:00,298 - Backed up CV.letter.pdf from Downloaded PDFs
2024-06-27 11:34:00,299 - Backed up Downloaded PDFs from Downloaded PDFs
2024-06-27 11:36:45,645 - Moved Transcript.pdf to C:/Users/abdul/Downloads\Downloaded PDFs
2024-06-27 11:36:59,813 - Backed up 05_Homepage-1.jpg from Downloaded Images
2024-06-27 11:36:59,819 - Backed up 05_Homepage.jpg from Downloaded Images
2024-06-27 11:36:59,820 - Backed up 07_Shop 1.jpg from Downloaded Images
2024-06-27 11:36:59,827 - Backed up 15_Shopping_Cart.jpg from Downloaded Images
2024-06-27 11:36:59,829 - Backed up 16_Checkout.jpg from Downloaded Images
2024-06-27 11:36:59,832 - Backed up 1_2ISFZKikBZXY5PeQVlSrTA (1).jpg from Downloaded Images
2024-06-27 11:36:59,835 - Backed up 1_pQULVmlq1NzX0NzKJli59Q.jpg from Downloaded Images
2024-06-27 11:36:59,837 - Backed up 31621156_00715_2022-ram-1500_019.jpeg from Downloaded Images
2024-06-27 11:36:59,837 - Backed up 650-80.jpg from Downloaded Images
2024-06-27 11:36:59,841 - Backed up Adham XD.jpg from Downloaded Images
2024-06-27 11:36:59,845 - Backed up b6783ed99a11624ddb8b6c5351727bb0.jpg from Downloaded Images
2024-06-27 11:36:59,848 - Backed up Blue Modern Technology LinkedIn Banner.png from Downloaded Images
2024-06-27 11:36:59,851 - Backed up centroids_iterations-1.png from Downloaded Images
2024-06-27 11:36:59,853 - Backed up coffee_website.jpg from Downloaded Images
2024-06-27 11:36:59,856 - Backed up Confim page.jpg from Downloaded Images
2024-06-27 11:36:59,859 - Backed up Data Flow Diagram.jpg from Downloaded Images
2024-06-27 11:36:59,859 - Backed up download (1).jpeg from Downloaded Images
2024-06-27 11:36:59,863 - Backed up download.jpeg from Downloaded Images
2024-06-27 11:36:59,866 - Backed up Downloaded Images from Downloaded Images
2024-06-27 11:36:59,868 - Backed up ezgif-6-855b432810.jpg from Downloaded Images
2024-06-27 11:36:59,871 - Backed up growth-close-up-environmental-lush-natural 2.png from Downloaded Images
2024-06-27 11:36:59,871 - Backed up GUtech_logo.png from Downloaded Images
2024-06-27 11:36:59,876 - Backed up HD-wallpaper-chrysler-300-motown-road-2013-cars-lx2-american-cars-2013-chrysler-300-chrysler.jpg from Downloaded Images
2024-06-27 11:36:59,876 - Backed up HW-02.jpg from Downloaded Images
2024-06-27 11:36:59,880 - Backed up logo.jpg from Downloaded Images
2024-06-27 11:36:59,883 - Backed up logo.png from Downloaded Images
2024-06-27 11:36:59,885 - Backed up nara-march-202003122575-2.jpg from Downloaded Images
2024-06-27 11:36:59,888 - Backed up New Wireframe 1.jpg from Downloaded Images
2024-06-27 11:36:59,888 - Backed up New Wireframe 2 (1).jpg from Downloaded Images
2024-06-27 11:36:59,888 - Backed up New Wireframe 2.jpg from Downloaded Images
2024-06-27 11:36:59,896 - Backed up New Wireframe 3.jpg from Downloaded Images
2024-06-27 11:36:59,899 - Backed up New Wireframe 4.jpg from Downloaded Images
2024-06-27 11:36:59,902 - Backed up New Wireframe 5.jpg from Downloaded Images
2024-06-27 11:36:59,904 - Backed up Oman-Muscat-Omani-man.jpg from Downloaded Images
2024-06-27 11:36:59,907 - Backed up PDO Internship certificate.jpg from Downloaded Images
2024-06-27 11:36:59,909 - Backed up Ram 1500 Classic Warlock Crew Cab 2019.jpeg from Downloaded Images
2024-06-27 11:36:59,911 - Backed up RAM Classic.jpg from Downloaded Images
2024-06-27 11:36:59,913 - Backed up Ranger Wildtrak.jpg from Downloaded Images
2024-06-27 11:36:59,916 - Backed up Screenshot 2024-02-27 112045.png from Downloaded Images
2024-06-27 11:36:59,917 - Backed up Screenshot 2024-02-27 113839.png from Downloaded Images
2024-06-27 11:36:59,920 - Backed up Screenshot 2024-05-11 103819.png from Downloaded Images
2024-06-27 11:36:59,922 - Backed up Signature.jpg from Downloaded Images
2024-06-27 11:36:59,923 - Backed up tellonym.jpg from Downloaded Images
2024-06-27 11:36:59,927 - Backed up Thesis gantt_chart.jpg from Downloaded Images
2024-06-27 11:36:59,929 - Backed up This is our #TruckCrushTuesday – Show us yours! #RamLife.jpeg from Downloaded Images
2024-06-27 11:36:59,933 - Backed up Use case 1.jpg from Downloaded Images
2024-06-27 11:36:59,936 - Backed up use-case.jpg from Downloaded Images
2024-06-27 11:36:59,938 - Backed up veg.jpg from Downloaded Images
2024-06-27 11:36:59,938 - Backed up zan.jpg from Downloaded Images
2024-06-27 11:36:59,944 - Backed up 05_Homepage-1.jpg from Downloaded Images
2024-06-27 11:36:59,949 - Backed up 05_Homepage.jpg from Downloaded Images
2024-06-27 11:36:59,952 - Backed up 07_Shop 1.jpg from Downloaded Images
2024-06-27 11:36:59,955 - Backed up 15_Shopping_Cart.jpg from Downloaded Images
2024-06-27 11:36:59,957 - Backed up 16_Checkout.jpg from Downloaded Images
2024-06-27 11:36:59,958 - Backed up 1_2ISFZKikBZXY5PeQVlSrTA (1).jpg from Downloaded Images
2024-06-27 11:36:59,959 - Backed up 1_pQULVmlq1NzX0NzKJli59Q.jpg from Downloaded Images
2024-06-27 11:36:59,962 - Backed up 31621156_00715_2022-ram-1500_019.jpeg from Downloaded Images
2024-06-27 11:36:59,962 - Backed up 650-80.jpg from Downloaded Images
2024-06-27 11:36:59,964 - Backed up Adham XD.jpg from Downloaded Images
2024-06-27 11:36:59,967 - Backed up b6783ed99a11624ddb8b6c5351727bb0.jpg from Downloaded Images
2024-06-27 11:36:59,970 - Backed up Blue Modern Technology LinkedIn Banner.png from Downloaded Images
2024-06-27 11:36:59,971 - Backed up centroids_iterations-1.png from Downloaded Images
2024-06-27 11:36:59,971 - Backed up coffee_website.jpg from Downloaded Images
2024-06-27 11:36:59,974 - Backed up Confim page.jpg from Downloaded Images
2024-06-27 11:36:59,977 - Backed up Data Flow Diagram.jpg from Downloaded Images
2024-06-27 11:36:59,978 - Backed up download (1).jpeg from Downloaded Images
2024-06-27 11:36:59,980 - Backed up download.jpeg from Downloaded Images
2024-06-27 11:36:59,981 - Backed up Downloaded Images from Downloaded Images
2024-06-27 11:36:59,983 - Backed up ezgif-6-855b432810.jpg from Downloaded Images
2024-06-27 11:36:59,983 - Backed up growth-close-up-environmental-lush-natural 2.png from Downloaded Images
2024-06-27 11:36:59,983 - Backed up GUtech_logo.png from Downloaded Images
2024-06-27 11:36:59,983 - Backed up HD-wallpaper-chrysler-300-motown-road-2013-cars-lx2-american-cars-2013-chrysler-300-chrysler.jpg from Downloaded Images
2024-06-27 11:36:59,983 - Backed up HW-02.jpg from Downloaded Images
2024-06-27 11:36:59,983 - Backed up logo.jpg from Downloaded Images
2024-06-27 11:36:59,994 - Backed up logo.png from Downloaded Images
2024-06-27 11:36:59,996 - Backed up nara-march-202003122575-2.jpg from Downloaded Images
2024-06-27 11:36:59,996 - Backed up New Wireframe 1.jpg from Downloaded Images
2024-06-27 11:36:59,998 - Backed up New Wireframe 2 (1).jpg from Downloaded Images
2024-06-27 11:36:59,999 - Backed up New Wireframe 2.jpg from Downloaded Images
2024-06-27 11:37:00,001 - Backed up New Wireframe 3.jpg from Downloaded Images
2024-06-27 11:37:00,001 - Backed up New Wireframe 4.jpg from Downloaded Images
2024-06-27 11:37:00,005 - Backed up New Wireframe 5.jpg from Downloaded Images
2024-06-27 11:37:00,006 - Backed up Oman-Muscat-Omani-man.jpg from Downloaded Images
2024-06-27 11:37:00,008 - Backed up PDO Internship certificate.jpg from Downloaded Images
2024-06-27 11:37:00,010 - Backed up Ram 1500 Classic Warlock Crew Cab 2019.jpeg from Downloaded Images
2024-06-27 11:37:00,011 - Backed up RAM Classic.jpg from Downloaded Images
2024-06-27 11:37:00,011 - Backed up Ranger Wildtrak.jpg from Downloaded Images
2024-06-27 11:37:00,011 - Backed up Screenshot 2024-02-27 112045.png from Downloaded Images
2024-06-27 11:37:00,011 - Backed up Screenshot 2024-02-27 113839.png from Downloaded Images
2024-06-27 11:37:00,011 - Backed up Screenshot 2024-05-11 103819.png from Downloaded Images
2024-06-27 11:37:00,026 - Backed up Signature.jpg from Downloaded Images
2024-06-27 11:37:00,026 - Backed up tellonym.jpg from Downloaded Images
2024-06-27 11:37:00,026 - Backed up Thesis gantt_chart.jpg from Downloaded Images
2024-06-27 11:37:00,026 - Backed up This is our #TruckCrushTuesday – Show us yours! #RamLife.jpeg from Downloaded Images
2024-06-27 11:37:00,026 - Backed up Use case 1.jpg from Downloaded Images
2024-06-27 11:37:00,026 - Backed up use-case.jpg from Downloaded Images
2024-06-27 11:37:00,041 - Backed up veg.jpg from Downloaded Images
2024-06-27 11:37:00,041 - Backed up zan.jpg from Downloaded Images
2024-06-27 11:37:00,047 - Backed up 05_Homepage-1.jpg from Downloaded Images
2024-06-27 11:37:00,050 - Backed up 05_Homepage.jpg from Downloaded Images
2024-06-27 11:37:00,054 - Backed up 07_Shop 1.jpg from Downloaded Images
2024-06-27 11:37:00,055 - Backed up 15_Shopping_Cart.jpg from Downloaded Images
2024-06-27 11:37:00,057 - Backed up 16_Checkout.jpg from Downloaded Images
2024-06-27 11:37:00,059 - Backed up 1_2ISFZKikBZXY5PeQVlSrTA (1).jpg from Downloaded Images
2024-06-27 11:37:00,060 - Backed up 1_pQULVmlq1NzX0NzKJli59Q.jpg from Downloaded Images
2024-06-27 11:37:00,062 - Backed up 31621156_00715_2022-ram-1500_019.jpeg from Downloaded Images
2024-06-27 11:37:00,064 - Backed up 650-80.jpg from Downloaded Images
2024-06-27 11:37:00,066 - Backed up Adham XD.jpg from Downloaded Images
2024-06-27 11:37:00,067 - Backed up b6783ed99a11624ddb8b6c5351727bb0.jpg from Downloaded Images
2024-06-27 11:37:00,070 - Backed up Blue Modern Technology LinkedIn Banner.png from Downloaded Images
2024-06-27 11:37:00,072 - Backed up centroids_iterations-1.png from Downloaded Images
2024-06-27 11:37:00,074 - Backed up coffee_website.jpg from Downloaded Images
2024-06-27 11:37:00,075 - Backed up Confim page.jpg from Downloaded Images
2024-06-27 11:37:00,077 - Backed up Data Flow Diagram.jpg from Downloaded Images
2024-06-27 11:37:00,079 - Backed up download (1).jpeg from Downloaded Images
2024-06-27 11:37:00,080 - Backed up download.jpeg from Downloaded Images
2024-06-27 11:37:00,083 - Backed up Downloaded Images from Downloaded Images
2024-06-27 11:37:00,086 - Backed up ezgif-6-855b432810.jpg from Downloaded Images
2024-06-27 11:37:00,086 - Backed up growth-close-up-environmental-lush-natural 2.png from Downloaded Images
2024-06-27 11:37:00,089 - Backed up GUtech_logo.png from Downloaded Images
2024-06-27 11:37:00,090 - Backed up HD-wallpaper-chrysler-300-motown-road-2013-cars-lx2-american-cars-2013-chrysler-300-chrysler.jpg from Downloaded Images
2024-06-27 11:37:00,091 - Backed up HW-02.jpg from Downloaded Images
2024-06-27 11:37:00,094 - Backed up logo.jpg from Downloaded Images
2024-06-27 11:37:00,095 - Backed up logo.png from Downloaded Images
2024-06-27 11:37:00,099 - Backed up nara-march-202003122575-2.jpg from Downloaded Images
2024-06-27 11:37:00,102 - Backed up New Wireframe 1.jpg from Downloaded Images
2024-06-27 11:37:00,103 - Backed up New Wireframe 2 (1).jpg from Downloaded Images
2024-06-27 11:37:00,105 - Backed up New Wireframe 2.jpg from Downloaded Images
2024-06-27 11:37:00,106 - Backed up New Wireframe 3.jpg from Downloaded Images
2024-06-27 11:37:00,108 - Backed up New Wireframe 4.jpg from Downloaded Images
2024-06-27 11:37:00,110 - Backed up New Wireframe 5.jpg from Downloaded Images
2024-06-27 11:37:00,113 - Backed up Oman-Muscat-Omani-man.jpg from Downloaded Images
2024-06-27 11:37:00,115 - Backed up PDO Internship certificate.jpg from Downloaded Images
2024-06-27 11:37:00,116 - Backed up Ram 1500 Classic Warlock Crew Cab 2019.jpeg from Downloaded Images
2024-06-27 11:37:00,116 - Backed up RAM Classic.jpg from Downloaded Images
2024-06-27 11:37:00,121 - Backed up Ranger Wildtrak.jpg from Downloaded Images
2024-06-27 11:37:00,121 - Backed up Screenshot 2024-02-27 112045.png from Downloaded Images
2024-06-27 11:37:00,121 - Backed up Screenshot 2024-02-27 113839.png from Downloaded Images
2024-06-27 11:37:00,121 - Backed up Screenshot 2024-05-11 103819.png from Downloaded Images
2024-06-27 11:37:00,121 - Backed up Signature.jpg from Downloaded Images
2024-06-27 11:37:00,121 - Backed up tellonym.jpg from Downloaded Images
2024-06-27 11:37:00,121 - Backed up Thesis gantt_chart.jpg from Downloaded Images
2024-06-27 11:37:00,121 - Backed up This is our #TruckCrushTuesday – Show us yours! #RamLife.jpeg from Downloaded Images
2024-06-27 11:37:00,121 - Backed up Use case 1.jpg from Downloaded Images
2024-06-27 11:37:00,133 - Backed up use-case.jpg from Downloaded Images
2024-06-27 11:37:00,133 - Backed up veg.jpg from Downloaded Images
2024-06-27 11:37:00,136 - Backed up zan.jpg from Downloaded Images
2024-06-27 11:41:19,206 - Moved Transcript.pdf to C:/Users/abdul/Downloads\Downloaded PDFs
2024-06-27 11:41:50,951 - Moved Transcript.pdf to C:/Users/abdul/Downloads\Downloaded PDFs
2024-06-27 11:49:23,118 - Moved Transcript.pdf to C:/Users/abdul/Downloads\Downloaded PDFs
2024-06-27 11:49:35,128 - Moved Transcript.pdf to C:/Users/abdul/Downloads\Downloaded PDFs
2024-06-27 11:50:49,221 - Moved Faisal Final Resume (8).pdf to C:/Users/abdul/Downloads\Downloaded PDFs
2024-06-27 11:50:49,229 - Moved Transcript.pdf to C:/Users/abdul/Downloads\Downloaded PDFs
2024-06-27 11:51:58,873 - Moved Faisal Final Resume (8).pdf to C:/Users/abdul/Downloads\Downloaded PDFs
2024-06-27 11:51:58,895 - Moved Transcript.pdf to C:/Users/abdul/Downloads\Downloaded PDFs
2024-06-27 11:56:13,568 - Moved 2024 Ram 1500 Classic _ Tradesman® & Warlock Trims.jpeg to C:/Users/abdul/Downloads\Downloaded Images
2024-06-27 11:56:13,568 - Moved Faisal Final Resume (8).pdf to C:/Users/abdul/Downloads\Downloaded PDFs
2024-06-27 11:56:13,591 - Moved Transcript.pdf to C:/Users/abdul/Downloads\Downloaded PDFs
2024-06-27 12:02:45,457 - Moved IMG_6737.MP4 to C:/Users/abdul/Downloads\Downloaded Videos
2024-06-27 12:13:56,415 - Moved 2024 Ram 1500 Classic _ Tradesman® & Warlock Trims.jpeg to C:/Users/abdul/Downloads\Downloaded Images
2024-06-27 12:13:56,417 - Moved Faisal Final Resume (8).pdf to C:/Users/abdul/Downloads\Downloaded PDFs
2024-06-27 12:13:56,449 - Moved IMG_6737.MP4 to C:/Users/abdul/Downloads\Downloaded Videos
2024-06-27 12:13:56,457 - Moved Transcript.pdf to C:/Users/abdul/Downloads\Downloaded PDFs
2024-06-27 12:14:22,564 - Moved 2024 Ram 1500 Classic _ Tradesman® & Warlock Trims.jpeg to C:/Users/abdul/Downloads\Downloaded Images
2024-06-27 12:20:22,747 - Moved Faisal Final Resume (8).pdf to C:/Users/abdul/Downloads\Downloaded PDFs
2024-06-27 12:21:39,612 - Moved Faisal Final Resume (8).pdf to C:/Users/abdul/Downloads\Downloaded PDFs
2024-06-27 12:21:39,622 - Moved Transcript.pdf to C:/Users/abdul/Downloads\Downloaded PDFs
2024-06-27 12:22:55,056 - Moved 2024 Ram 1500 Classic _ Tradesman® & Warlock Trims.jpeg to C:/Users/abdul/Downloads\Downloaded Images
2024-06-27 12:22:55,069 - Moved IMG_6737.MP4 to C:/Users/abdul/Downloads\Downloaded Videos
2024-06-27 12:24:17,765 - Moved 2024 Ram 1500 Classic _ Tradesman® & Warlock Trims.jpeg to C:/Users/abdul/Downloads\Downloaded Images
2024-06-27 12:24:17,765 - Moved airplane-take-off-01.mp3 to C:/Users/abdul/Downloads\Downloaded Sounds
2024-06-27 12:24:17,779 - Moved Faisal Final Resume (8).pdf to C:/Users/abdul/Downloads\Downloaded PDFs
2024-06-27 12:24:17,807 - Moved IMG_6737.MP4 to C:/Users/abdul/Downloads\Downloaded Videos
2024-06-27 12:24:17,817 - Moved Transcript.pdf to C:/Users/abdul/Downloads\Downloaded PDFs
2024-06-27 12:28:46,897 - Moved 2024 Ram 1500 Classic _ Tradesman® & Warlock Trims.jpeg to C:/Users/abdul/Downloads\Downloaded Images
2024-06-27 12:30:09,294 - Moved Blue Modern Technology LinkedIn Banner.png to C:/Users/abdul/Downloads\Downloaded Images
2024-06-27 12:30:37,468 - Moved Faisal Final Resume (8).pdf to C:/Users/abdul/Downloads\Downloaded PDFs
